#
# There is insufficient memory for the Java Runtime Environment to continue.
# Native memory allocation (malloc) failed to allocate 499088 bytes for Chunk::new
# Possible reasons:
#   The system is out of physical RAM or swap space
#   The process is running with CompressedOops enabled, and the Java Heap may be blocking the growth of the native heap
# Possible solutions:
#   Reduce memory load on the system
#   Increase physical memory or swap space
#   Check if swap backing store is full
#   Decrease Java heap size (-Xmx/-Xms)
#   Decrease number of Java threads
#   Decrease Java thread stack sizes (-Xss)
#   Set larger code cache with -XX:ReservedCodeCacheSize=
#   JVM is running with Unscaled Compressed Oops mode in which the Java heap is
#     placed in the first 4GB address space. The Java Heap base address is the
#     maximum limit for the native heap growth. Please use -XX:HeapBaseMinAddress
#     to set the Java Heap base and to place the Java Heap above 4GB virtual address.
# This output file may be truncated or incomplete.
#
#  Out of Memory Error (allocation.cpp:389), pid=5452, tid=0x00000000000042c8
#
# JRE version: Java(TM) SE Runtime Environment (8.0_221-b11) (build 1.8.0_221-b11)
# Java VM: Java HotSpot(TM) 64-Bit Server VM (25.221-b11 mixed mode windows-amd64 compressed oops)
# Failed to write core dump. Minidumps are not enabled by default on client versions of Windows
#

---------------  T H R E A D  ---------------

Current thread (0x0000000014a19800):  JavaThread "C2 CompilerThread0" daemon [_thread_in_native, id=17096, stack(0x0000000016070000,0x0000000016170000)]

Stack: [0x0000000016070000,0x0000000016170000]
[error occurred during error reporting (printing stack bounds), id 0xc0000005]

Native frames: (J=compiled Java code, j=interpreted, Vv=VM code, C=native code)


Current CompileTask:
C2:   1225 1087   !   4       java.lang.ClassLoader::loadClass (122 bytes)


---------------  P R O C E S S  ---------------

Java Threads: ( => current thread )
  0x00000000163a8800 JavaThread "Service Thread" daemon [_thread_blocked, id=8724, stack(0x0000000016770000,0x0000000016870000)]
  0x0000000014a2d000 JavaThread "C1 CompilerThread2" daemon [_thread_blocked, id=11344, stack(0x0000000016270000,0x0000000016370000)]
  0x0000000014a1d000 JavaThread "C2 CompilerThread1" daemon [_thread_in_native, id=17404, stack(0x0000000016170000,0x0000000016270000)]
=>0x0000000014a19800 JavaThread "C2 CompilerThread0" daemon [_thread_in_native, id=17096, stack(0x0000000016070000,0x0000000016170000)]
  0x0000000014a18000 JavaThread "Attach Listener" daemon [_thread_blocked, id=13184, stack(0x0000000015f70000,0x0000000016070000)]
  0x0000000014a16000 JavaThread "Signal Dispatcher" daemon [_thread_blocked, id=16688, stack(0x0000000015e70000,0x0000000015f70000)]
  0x00000000023be000 JavaThread "Finalizer" daemon [_thread_blocked, id=3188, stack(0x0000000015c80000,0x0000000015d80000)]
  0x00000000149fa800 JavaThread "Reference Handler" daemon [_thread_blocked, id=2484, stack(0x0000000015b80000,0x0000000015c80000)]
  0x00000000022c2800 JavaThread "main" [_thread_in_native, id=8852, stack(0x0000000002150000,0x0000000002250000)]

Other Threads:
  0x00000000149d8000 VMThread [stack: 0x0000000015a80000,0x0000000015b80000] [id=13044]
  0x0000000014a6e000 WatcherThread [stack: 0x0000000016870000,0x0000000016970000] [id=15212]

VM state:not at safepoint (normal execution)

VM Mutex/Monitor currently owned by a thread: None

heap address: 0x00000000c0e00000, size: 1010 MB, Compressed Oops mode: 32-bit
Narrow klass base: 0x0000000000000000, Narrow klass shift: 3
Compressed class space size: 1073741824 Address: 0x0000000100000000

Heap:
 PSYoungGen      total 18944K, used 17900K [0x00000000eaf80000, 0x00000000ed480000, 0x0000000100000000)
  eden space 16384K, 93% used [0x00000000eaf80000,0x00000000ebe7f460,0x00000000ebf80000)
  from space 2560K, 99% used [0x00000000ebf80000,0x00000000ec1fbc70,0x00000000ec200000)
  to   space 2560K, 0% used [0x00000000ed200000,0x00000000ed200000,0x00000000ed480000)
 ParOldGen       total 44032K, used 3415K [0x00000000c0e00000, 0x00000000c3900000, 0x00000000eaf80000)
  object space 44032K, 7% used [0x00000000c0e00000,0x00000000c1155c18,0x00000000c3900000)
 Metaspace       used 11951K, capacity 12136K, committed 12416K, reserved 1062912K
  class space    used 1528K, capacity 1611K, committed 1664K, reserved 1048576K

Card table byte_map: [0x0000000011780000,0x0000000011980000] byte_map_base: 0x0000000011179000

Marking Bits: (ParMarkBitMap*) 0x0000000056105ce0
 Begin Bits: [0x0000000011ee0000, 0x0000000012ea8000)
 End Bits:   [0x0000000012ea8000, 0x0000000013e70000)

Polling page: 0x0000000000820000

CodeCache: size=245760Kb used=4307Kb max_used=4307Kb free=241452Kb
 bounds [0x00000000023c0000, 0x0000000002800000, 0x00000000113c0000]
 total_blobs=1521 nmethods=1213 adapters=220
 compilation: enabled

Compilation events (10 events):
Event: 1.214 Thread 0x0000000014a2d000 1211       3       com.google.common.util.concurrent.AbstractFuture::get (8 bytes)
Event: 1.215 Thread 0x0000000014a2d000 nmethod 1211 0x00000000027f5850 code [0x00000000027f5a20, 0x00000000027f6218]
Event: 1.215 Thread 0x0000000014a2d000 1214       3       java.util.IdentityHashMap::put (137 bytes)
Event: 1.215 Thread 0x0000000014a2d000 nmethod 1214 0x00000000027f6550 code [0x00000000027f6740, 0x00000000027f7138]
Event: 1.215 Thread 0x0000000014a2d000 1213       1       com.google.inject.internal.Initializer$InjectableReference::access$000 (5 bytes)
Event: 1.215 Thread 0x0000000014a2d000 nmethod 1213 0x00000000027ecc90 code [0x00000000027ecde0, 0x00000000027eced0]
Event: 1.215 Thread 0x0000000014a2d000 1212       1       com.google.inject.spi.InjectionPoint::getMember (5 bytes)
Event: 1.215 Thread 0x0000000014a2d000 nmethod 1212 0x00000000027f7590 code [0x00000000027f76e0, 0x00000000027f77f0]
Event: 1.216 Thread 0x0000000014a2d000 1215       3       java.lang.Enum::equals (11 bytes)
Event: 1.216 Thread 0x0000000014a2d000 nmethod 1215 0x00000000027f7850 code [0x00000000027f79a0, 0x00000000027f7b50]

GC Heap History (6 events):
Event: 0.538 GC heap before
{Heap before GC invocations=1 (full 0):
 PSYoungGen      total 18944K, used 16365K [0x00000000eaf80000, 0x00000000ec480000, 0x0000000100000000)
  eden space 16384K, 99% used [0x00000000eaf80000,0x00000000ebf7b718,0x00000000ebf80000)
  from space 2560K, 0% used [0x00000000ec200000,0x00000000ec200000,0x00000000ec480000)
  to   space 2560K, 0% used [0x00000000ebf80000,0x00000000ebf80000,0x00000000ec200000)
 ParOldGen       total 44032K, used 0K [0x00000000c0e00000, 0x00000000c3900000, 0x00000000eaf80000)
  object space 44032K, 0% used [0x00000000c0e00000,0x00000000c0e00000,0x00000000c3900000)
 Metaspace       used 7220K, capacity 7368K, committed 7680K, reserved 1056768K
  class space    used 878K, capacity 924K, committed 1024K, reserved 1048576K
Event: 0.542 GC heap after
Heap after GC invocations=1 (full 0):
 PSYoungGen      total 18944K, used 2536K [0x00000000eaf80000, 0x00000000ec480000, 0x0000000100000000)
  eden space 16384K, 0% used [0x00000000eaf80000,0x00000000eaf80000,0x00000000ebf80000)
  from space 2560K, 99% used [0x00000000ebf80000,0x00000000ec1fa058,0x00000000ec200000)
  to   space 2560K, 0% used [0x00000000ec200000,0x00000000ec200000,0x00000000ec480000)
 ParOldGen       total 44032K, used 1128K [0x00000000c0e00000, 0x00000000c3900000, 0x00000000eaf80000)
  object space 44032K, 2% used [0x00000000c0e00000,0x00000000c0f1a2a8,0x00000000c3900000)
 Metaspace       used 7220K, capacity 7368K, committed 7680K, reserved 1056768K
  class space    used 878K, capacity 924K, committed 1024K, reserved 1048576K
}
Event: 0.738 GC heap before
{Heap before GC invocations=2 (full 0):
 PSYoungGen      total 18944K, used 18920K [0x00000000eaf80000, 0x00000000ec480000, 0x0000000100000000)
  eden space 16384K, 100% used [0x00000000eaf80000,0x00000000ebf80000,0x00000000ebf80000)
  from space 2560K, 99% used [0x00000000ebf80000,0x00000000ec1fa058,0x00000000ec200000)
  to   space 2560K, 0% used [0x00000000ec200000,0x00000000ec200000,0x00000000ec480000)
 ParOldGen       total 44032K, used 1128K [0x00000000c0e00000, 0x00000000c3900000, 0x00000000eaf80000)
  object space 44032K, 2% used [0x00000000c0e00000,0x00000000c0f1a2a8,0x00000000c3900000)
 Metaspace       used 7988K, capacity 8136K, committed 8320K, reserved 1056768K
  class space    used 1000K, capacity 1052K, committed 1152K, reserved 1048576K
Event: 0.741 GC heap after
Heap after GC invocations=2 (full 0):
 PSYoungGen      total 18944K, used 2540K [0x00000000eaf80000, 0x00000000ed480000, 0x0000000100000000)
  eden space 16384K, 0% used [0x00000000eaf80000,0x00000000eaf80000,0x00000000ebf80000)
  from space 2560K, 99% used [0x00000000ec200000,0x00000000ec47b078,0x00000000ec480000)
  to   space 2560K, 0% used [0x00000000ebf80000,0x00000000ebf80000,0x00000000ec200000)
 ParOldGen       total 44032K, used 1203K [0x00000000c0e00000, 0x00000000c3900000, 0x00000000eaf80000)
  object space 44032K, 2% used [0x00000000c0e00000,0x00000000c0f2cfd0,0x00000000c3900000)
 Metaspace       used 7988K, capacity 8136K, committed 8320K, reserved 1056768K
  class space    used 1000K, capacity 1052K, committed 1152K, reserved 1048576K
}
Event: 0.982 GC heap before
{Heap before GC invocations=3 (full 0):
 PSYoungGen      total 18944K, used 18924K [0x00000000eaf80000, 0x00000000ed480000, 0x0000000100000000)
  eden space 16384K, 100% used [0x00000000eaf80000,0x00000000ebf80000,0x00000000ebf80000)
  from space 2560K, 99% used [0x00000000ec200000,0x00000000ec47b078,0x00000000ec480000)
  to   space 2560K, 0% used [0x00000000ebf80000,0x00000000ebf80000,0x00000000ec200000)
 ParOldGen       total 44032K, used 1203K [0x00000000c0e00000, 0x00000000c3900000, 0x00000000eaf80000)
  object space 44032K, 2% used [0x00000000c0e00000,0x00000000c0f2cfd0,0x00000000c3900000)
 Metaspace       used 10068K, capacity 10250K, committed 10368K, reserved 1058816K
  class space    used 1264K, capacity 1351K, committed 1408K, reserved 1048576K
Event: 0.990 GC heap after
Heap after GC invocations=3 (full 0):
 PSYoungGen      total 18944K, used 2543K [0x00000000eaf80000, 0x00000000ed480000, 0x0000000100000000)
  eden space 16384K, 0% used [0x00000000eaf80000,0x00000000eaf80000,0x00000000ebf80000)
  from space 2560K, 99% used [0x00000000ebf80000,0x00000000ec1fbc70,0x00000000ec200000)
  to   space 2560K, 0% used [0x00000000ed200000,0x00000000ed200000,0x00000000ed480000)
 ParOldGen       total 44032K, used 3415K [0x00000000c0e00000, 0x00000000c3900000, 0x00000000eaf80000)
  object space 44032K, 7% used [0x00000000c0e00000,0x00000000c1155c18,0x00000000c3900000)
 Metaspace       used 10068K, capacity 10250K, committed 10368K, reserved 1058816K
  class space    used 1264K, capacity 1351K, committed 1408K, reserved 1048576K
}

Deoptimization events (4 events):
Event: 0.655 Thread 0x00000000022c2800 Uncommon trap: reason=unstable_if action=reinterpret pc=0x00000000026717b4 method=org.codehaus.plexus.util.xml.pull.MXParser.nextImpl()I @ 241
Event: 0.669 Thread 0x00000000022c2800 Uncommon trap: reason=unstable_if action=reinterpret pc=0x000000000266d2f4 method=org.codehaus.plexus.util.xml.pull.MXParser.isWhitespace()Z @ 20
Event: 0.677 Thread 0x00000000022c2800 Uncommon trap: reason=range_check action=make_not_entrant pc=0x0000000002613da0 method=sun.reflect.generics.parser.SignatureParser.current()C @ 34
Event: 1.221 Thread 0x00000000022c2800 Uncommon trap: reason=unstable_if action=reinterpret pc=0x000000000271aaf4 method=java.util.concurrent.ConcurrentHashMap.putVal(Ljava/lang/Object;Ljava/lang/Object;Z)Ljava/lang/Object; @ 206

Classes redefined (0 events):
No events

Internal exceptions (10 events):
Event: 0.557 Thread 0x00000000022c2800 Exception <a 'java/lang/ArrayIndexOutOfBoundsException'> (0x00000000eb05b2d8) thrown at [C:\re\workspace\8-2-build-windows-amd64-cygwin\jdk8u221\13320\hotspot\src\share\vm\runtime\sharedRuntime.cpp, line 605]
Event: 0.557 Thread 0x00000000022c2800 Exception <a 'java/lang/ArrayIndexOutOfBoundsException'> (0x00000000eb05d650) thrown at [C:\re\workspace\8-2-build-windows-amd64-cygwin\jdk8u221\13320\hotspot\src\share\vm\runtime\sharedRuntime.cpp, line 605]
Event: 0.557 Thread 0x00000000022c2800 Exception <a 'java/lang/ArrayIndexOutOfBoundsException'> (0x00000000eb05f008) thrown at [C:\re\workspace\8-2-build-windows-amd64-cygwin\jdk8u221\13320\hotspot\src\share\vm\runtime\sharedRuntime.cpp, line 605]
Event: 0.558 Thread 0x00000000022c2800 Exception <a 'java/lang/ArrayIndexOutOfBoundsException'> (0x00000000eb060118) thrown at [C:\re\workspace\8-2-build-windows-amd64-cygwin\jdk8u221\13320\hotspot\src\share\vm\runtime\sharedRuntime.cpp, line 605]
Event: 0.558 Thread 0x00000000022c2800 Exception <a 'java/lang/ArrayIndexOutOfBoundsException'> (0x00000000eb060f88) thrown at [C:\re\workspace\8-2-build-windows-amd64-cygwin\jdk8u221\13320\hotspot\src\share\vm\runtime\sharedRuntime.cpp, line 605]
Event: 0.558 Thread 0x00000000022c2800 Exception <a 'java/lang/ArrayIndexOutOfBoundsException'> (0x00000000eb062760) thrown at [C:\re\workspace\8-2-build-windows-amd64-cygwin\jdk8u221\13320\hotspot\src\share\vm\runtime\sharedRuntime.cpp, line 605]
Event: 0.558 Thread 0x00000000022c2800 Exception <a 'java/lang/ArrayIndexOutOfBoundsException'> (0x00000000eb063db8) thrown at [C:\re\workspace\8-2-build-windows-amd64-cygwin\jdk8u221\13320\hotspot\src\share\vm\runtime\sharedRuntime.cpp, line 605]
Event: 0.558 Thread 0x00000000022c2800 Exception <a 'java/lang/ArrayIndexOutOfBoundsException'> (0x00000000eb064ac0) thrown at [C:\re\workspace\8-2-build-windows-amd64-cygwin\jdk8u221\13320\hotspot\src\share\vm\runtime\sharedRuntime.cpp, line 605]
Event: 0.677 Thread 0x00000000022c2800 Exception <a 'java/lang/ArrayIndexOutOfBoundsException': 73> (0x00000000ebd1b2e0) thrown at [C:\re\workspace\8-2-build-windows-amd64-cygwin\jdk8u221\13320\hotspot\src\share\vm\interpreter\interpreterRuntime.cpp, line 368]
Event: 0.678 Thread 0x00000000022c2800 Exception <a 'java/lang/ArrayIndexOutOfBoundsException': 131> (0x00000000ebd1cc88) thrown at [C:\re\workspace\8-2-build-windows-amd64-cygwin\jdk8u221\13320\hotspot\src\share\vm\interpreter\interpreterRuntime.cpp, line 368]

Events (10 events):
Event: 1.220 Executing VM operation: Deoptimize done
Event: 1.221 Thread 0x00000000022c2800 Uncommon trap: trap_request=0xffffff65 fr.pc=0x000000000271aaf4
Event: 1.221 Thread 0x00000000022c2800 DEOPT PACKING pc=0x000000000271aaf4 sp=0x000000000224dd80
Event: 1.221 Thread 0x00000000022c2800 DEOPT UNPACKING pc=0x000000000240583b sp=0x000000000224dd40 mode 2
Event: 1.221 loading class com/google/inject/internal/ProviderInternalFactory$1
Event: 1.221 loading class com/google/inject/internal/ProviderInternalFactory$1 done
Event: 1.222 loading class org/eclipse/sisu/inject/InjectorBindings
Event: 1.222 loading class org/eclipse/sisu/inject/InjectorBindings done
Event: 1.223 loading class com/google/inject/internal/InjectorImpl$2$1
Event: 1.223 loading class com/google/inject/internal/InjectorImpl$2$1 done


Dynamic libraries:
0x00007ff77f570000 - 0x00007ff77f5a7000 	C:\Program Files\Java\jdk1.8.0_221\bin\java.exe
0x00007ffaaba60000 - 0x00007ffaabc50000 	C:\Windows\SYSTEM32\ntdll.dll
0x00007ffa98a30000 - 0x00007ffa98a44000 	C:\Program Files\AVAST Software\Avast\aswhook.dll
0x00007ffaaa930000 - 0x00007ffaaa9e2000 	C:\Windows\System32\KERNEL32.DLL
0x00007ffaa9860000 - 0x00007ffaa9b03000 	C:\Windows\System32\KERNELBASE.dll
0x00007ffaab860000 - 0x00007ffaab903000 	C:\Windows\System32\ADVAPI32.dll
0x00007ffaab980000 - 0x00007ffaaba1e000 	C:\Windows\System32\msvcrt.dll
0x00007ffaa9ba0000 - 0x00007ffaa9c37000 	C:\Windows\System32\sechost.dll
0x00007ffaaa350000 - 0x00007ffaaa470000 	C:\Windows\System32\RPCRT4.dll
0x00007ffaa9ee0000 - 0x00007ffaaa073000 	C:\Windows\System32\USER32.dll
0x00007ffaa8b70000 - 0x00007ffaa8b91000 	C:\Windows\System32\win32u.dll
0x00007ffaa9d10000 - 0x00007ffaa9d36000 	C:\Windows\System32\GDI32.dll
0x00007ffaa8ba0000 - 0x00007ffaa8d34000 	C:\Windows\System32\gdi32full.dll
0x00007ffaa9720000 - 0x00007ffaa97be000 	C:\Windows\System32\msvcp_win.dll
0x00007ffaa8a70000 - 0x00007ffaa8b6a000 	C:\Windows\System32\ucrtbase.dll
0x00007ffa9da70000 - 0x00007ffa9dcf5000 	C:\Windows\WinSxS\amd64_microsoft.windows.common-controls_6595b64144ccf1df_6.0.18362.388_none_e6c6afa5130d5b6d\COMCTL32.dll
0x00007ffaaa470000 - 0x00007ffaaa7a6000 	C:\Windows\System32\combase.dll
0x00007ffaa89f0000 - 0x00007ffaa8a70000 	C:\Windows\System32\bcryptPrimitives.dll
0x00007ffaaa900000 - 0x00007ffaaa92e000 	C:\Windows\System32\IMM32.DLL
0x00000000564e0000 - 0x00000000565b2000 	C:\Program Files\Java\jdk1.8.0_221\jre\bin\msvcr100.dll
0x00000000558e0000 - 0x0000000056185000 	C:\Program Files\Java\jdk1.8.0_221\jre\bin\server\jvm.dll
0x00007ffaab910000 - 0x00007ffaab918000 	C:\Windows\System32\PSAPI.DLL
0x00007ffa995b0000 - 0x00007ffa995b9000 	C:\Windows\SYSTEM32\WSOCK32.dll
0x00007ffaaa270000 - 0x00007ffaaa2df000 	C:\Windows\System32\WS2_32.dll
0x00007ffaa6880000 - 0x00007ffaa68a4000 	C:\Windows\SYSTEM32\WINMM.dll
0x00007ffaa2dd0000 - 0x00007ffaa2dda000 	C:\Windows\SYSTEM32\VERSION.dll
0x00007ffaa6850000 - 0x00007ffaa687d000 	C:\Windows\SYSTEM32\WINMMBASE.dll
0x00007ffaa97c0000 - 0x00007ffaa980a000 	C:\Windows\System32\cfgmgr32.dll
0x00007ffaa01e0000 - 0x00007ffaa01ef000 	C:\Program Files\Java\jdk1.8.0_221\jre\bin\verify.dll
0x00007ffa95f60000 - 0x00007ffa95f89000 	C:\Program Files\Java\jdk1.8.0_221\jre\bin\java.dll
0x00007ffa969f0000 - 0x00007ffa96a06000 	C:\Program Files\Java\jdk1.8.0_221\jre\bin\zip.dll
0x00007ffaab170000 - 0x00007ffaab855000 	C:\Windows\System32\SHELL32.dll
0x00007ffaa9e30000 - 0x00007ffaa9ed9000 	C:\Windows\System32\shcore.dll
0x00007ffaa8ef0000 - 0x00007ffaa966f000 	C:\Windows\System32\windows.storage.dll
0x00007ffaa8980000 - 0x00007ffaa899f000 	C:\Windows\System32\profapi.dll
0x00007ffaa89a0000 - 0x00007ffaa89ea000 	C:\Windows\System32\powrprof.dll
0x00007ffaa8930000 - 0x00007ffaa8940000 	C:\Windows\System32\UMPDC.dll
0x00007ffaaa8a0000 - 0x00007ffaaa8f2000 	C:\Windows\System32\shlwapi.dll
0x00007ffaa8960000 - 0x00007ffaa8971000 	C:\Windows\System32\kernel.appcore.dll
0x00007ffaa9810000 - 0x00007ffaa9827000 	C:\Windows\System32\cryptsp.dll

VM Arguments:
jvm_args: -Dclassworlds.conf=C:\Program Files\NetBeans-11.1\netbeans\java\maven\bin\m2.conf -Dmaven.home=C:\Program Files\NetBeans-11.1\netbeans\java\maven -Dmaven.multiModuleProjectDirectory=C:\Users\fakdi\Documents\NetBeansProjects\mavenproject1\Hospital 
java_command: org.codehaus.plexus.classworlds.launcher.Launcher -Dexec.args=-classpath %classpath com.gazi.SwingUI.Main -Dexec.executable=C:\Program Files\Java\jdk1.8.0_221\bin\java.exe -Dmaven.ext.class.path=C:\Program Files\NetBeans-11.1\netbeans\java\maven-nblib\netbeans-eventspy.jar -Dfile.encoding=UTF-8 org.codehaus.mojo:exec-maven-plugin:1.5.0:exec
java_class_path (initial): C:\Program Files\NetBeans-11.1\netbeans\java\maven\boot\plexus-classworlds-2.5.2.jar
Launcher Type: SUN_STANDARD

Environment Variables:
JAVA_HOME=C:\Program Files\Java\jdk1.8.0_221
PATH=C:\Program Files (x86)\Common Files\Oracle\Java\javapath;C:\Python27\;C:\Python27\Scripts;C:\ProgramData\DockerDesktop\version-bin;C:\Program Files\Docker\Docker\Resources\bin;C:\Windows\system32;C:\Windows;C:\Windows\System32\Wbem;C:\Windows\System32\WindowsPowerShell\v1.0\;C:\Windows\System32\OpenSSH\;C:\Program Files\dotnet\;C:\Program Files\Microsoft SQL Server\130\Tools\Binn\;C:\Program Files\Microsoft SQL Server\Client SDK\ODBC\170\Tools\Binn\;C:\ProgramData\chocolatey\bin;C:\Program Files\Git\cmd;C:\Program Files (x86)\NVIDIA Corporation\PhysX\Common;C:\Program Files\nodejs\;c:\Program Files (x86)\Microsoft SQL Server\110\Tools\Binn\;c:\Program Files\Microsoft SQL Server\110\Tools\Binn\;c:\Program Files\Microsoft SQL Server\110\DTS\Binn\;c:\Program Files (x86)\Microsoft SQL Server\110\Tools\Binn\ManagementStudio\;c:\Program Files (x86)\Microsoft SQL Server\110\DTS\Binn\;C:\Program Files\MySQL\MySQL Shell 8.0\bin\;C:\Users\fakdi\AppData\Local\Programs\Microsoft VS Code\bin;c:\Users\fakdi\AppData\Local\Android\Sdk\platform-tools;C:\Users\fakdi\AppData\Roaming\npm;C:\Program Files\JetBrains\IntelliJ IDEA 2019.2.3\bin;
USERNAME=fakdi
OS=Windows_NT
PROCESSOR_IDENTIFIER=Intel64 Family 6 Model 60 Stepping 3, GenuineIntel



---------------  S Y S T E M  ---------------

OS: Windows 10.0 , 64 bit Build 18362 (10.0.18362.329)

CPU:total 4 (initial active 4) (2 cores per cpu, 2 threads per core) family 6 model 60 stepping 3, cmov, cx8, fxsr, mmx, sse, sse2, sse3, ssse3, sse4.1, sse4.2, popcnt, avx, avx2, aes, clmul, erms, lzcnt, ht, tsc, tscinvbit, bmi1, bmi2

Memory: 4k page, physical 4131236k(258068k free), swap 16714148k(4532k free)

vm_info: Java HotSpot(TM) 64-Bit Server VM (25.221-b11) for windows-amd64 JRE (1.8.0_221-b11), built on Jul  4 2019 04:39:29 by "java_re" with MS VC++ 10.0 (VS2010)

time: Sat Oct 26 08:00:37 2019
timezone: Türkiye Standart Saati
elapsed time: 1 seconds (0d 0h 0m 1s)

